<?xml version="1.0" encoding="UTF-8"?>
<testsuite xmlns:xsi="http://www.w3.org/2001/XMLSchema-instance" xsi:noNamespaceSchemaLocation="https://maven.apache.org/surefire/maven-surefire-plugin/xsd/surefire-test-report.xsd" name="com.BigCommerce.ApplicationTest" time="10.396" tests="3" errors="0" skipped="0" failures="0">
  <properties>
[...]
</properties>
  <testcase name="testCustomerOrderDetailException" classname="com.BigCommerce.ApplicationTest" time="0.423"/>
  <testcase name="testCustomerOrderDetail" classname="com.BigCommerce.ApplicationTest" time="1.304"/>
  <testcase name="testcustomers" classname="com.BigCommerce.ApplicationTest" time="0.047"/>
</testsuite>